Traceback (most recent call last):
  File "/Users/brycepardo/Documents/Fall 2025/Hackgt/Hackgt25/backend-video-embedding/.venv/bin/uvicorn", line 10, in <module>
    sys.exit(main())
  File "/Users/brycepardo/Documents/Fall 2025/Hackgt/Hackgt25/backend-video-embedding/.venv/lib/python3.10/site-packages/click/core.py", line 1462, in __call__
    return self.main(*args, **kwargs)
  File "/Users/brycepardo/Documents/Fall 2025/Hackgt/Hackgt25/backend-video-embedding/.venv/lib/python3.10/site-packages/click/core.py", line 1383, in main
    rv = self.invoke(ctx)
  File "/Users/brycepardo/Documents/Fall 2025/Hackgt/Hackgt25/backend-video-embedding/.venv/lib/python3.10/site-packages/click/core.py", line 1246, in invoke
    return ctx.invoke(self.callback, **ctx.params)
  File "/Users/brycepardo/Documents/Fall 2025/Hackgt/Hackgt25/backend-video-embedding/.venv/lib/python3.10/site-packages/click/core.py", line 814, in invoke
    return callback(*args, **kwargs)
  File "/Users/brycepardo/Documents/Fall 2025/Hackgt/Hackgt25/backend-video-embedding/.venv/lib/python3.10/site-packages/uvicorn/main.py", line 416, in main
    run(
  File "/Users/brycepardo/Documents/Fall 2025/Hackgt/Hackgt25/backend-video-embedding/.venv/lib/python3.10/site-packages/uvicorn/main.py", line 587, in run
    server.run()
  File "/Users/brycepardo/Documents/Fall 2025/Hackgt/Hackgt25/backend-video-embedding/.venv/lib/python3.10/site-packages/uvicorn/server.py", line 61, in run
    return asyncio.run(self.serve(sockets=sockets))
  File "/Library/Frameworks/Python.framework/Versions/3.10/lib/python3.10/asyncio/runners.py", line 44, in run
    return loop.run_until_complete(main)
  File "uvloop/loop.pyx", line 1518, in uvloop.loop.Loop.run_until_complete
  File "/Users/brycepardo/Documents/Fall 2025/Hackgt/Hackgt25/backend-video-embedding/.venv/lib/python3.10/site-packages/uvicorn/server.py", line 68, in serve
    config.load()
  File "/Users/brycepardo/Documents/Fall 2025/Hackgt/Hackgt25/backend-video-embedding/.venv/lib/python3.10/site-packages/uvicorn/config.py", line 467, in load
    self.loaded_app = import_from_string(self.app)
  File "/Users/brycepardo/Documents/Fall 2025/Hackgt/Hackgt25/backend-video-embedding/.venv/lib/python3.10/site-packages/uvicorn/importer.py", line 24, in import_from_string
    raise exc from None
  File "/Users/brycepardo/Documents/Fall 2025/Hackgt/Hackgt25/backend-video-embedding/.venv/lib/python3.10/site-packages/uvicorn/importer.py", line 21, in import_from_string
    module = importlib.import_module(module_str)
  File "/Library/Frameworks/Python.framework/Versions/3.10/lib/python3.10/importlib/__init__.py", line 126, in import_module
    return _bootstrap._gcd_import(name[level:], package, level)
  File "<frozen importlib._bootstrap>", line 1050, in _gcd_import
  File "<frozen importlib._bootstrap>", line 1027, in _find_and_load
  File "<frozen importlib._bootstrap>", line 1006, in _find_and_load_unlocked
  File "<frozen importlib._bootstrap>", line 688, in _load_unlocked
  File "<frozen importlib._bootstrap_external>", line 883, in exec_module
  File "<frozen importlib._bootstrap>", line 241, in _call_with_frames_removed
  File "/Users/brycepardo/Documents/Fall 2025/Hackgt/Hackgt25/backend-video-embedding/main.py", line 6, in <module>
    from twelvelabs_service import TwelveLabsService
ModuleNotFoundError: No module named 'twelvelabs_service'
